<?xml version="1.0" encoding="UTF-8"?>
<testng-results ignored="0" total="1" passed="1" failed="0" skipped="0">
  <reporter-output>
  </reporter-output>
  <suite started-at="2024-12-13T20:55:28 GMT" name="Suite" finished-at="2024-12-13T20:55:36 GMT" duration-ms="8886">
    <groups>
    </groups>
    <test started-at="2024-12-13T20:55:28 GMT" name="Test" finished-at="2024-12-13T20:55:36 GMT" duration-ms="8886">
      <class name="tests.RegistrationTests">
        <test-method is-config="true" signature="setUp()[pri:0, instance:tests.RegistrationTests@6f53b8a]" started-at="2024-12-13T20:55:28 GMT" name="setUp" finished-at="2024-12-13T20:55:34 GMT" duration-ms="6144" status="PASS">
          <reporter-output>
          </reporter-output>
        </test-method> <!-- setUp -->
        <test-method is-config="true" signature="beforeMethod()[pri:0, instance:tests.RegistrationTests@6f53b8a]" started-at="2024-12-13T20:55:34 GMT" name="beforeMethod" finished-at="2024-12-13T20:55:34 GMT" duration-ms="48" status="PASS">
          <reporter-output>
          </reporter-output>
        </test-method> <!-- beforeMethod -->
        <test-method signature="navigateToSignInPage()[pri:0, instance:tests.RegistrationTests@6f53b8a]" started-at="2024-12-13T20:55:34 GMT" name="navigateToSignInPage" finished-at="2024-12-13T20:55:36 GMT" duration-ms="2306" status="PASS">
          <reporter-output>
          </reporter-output>
        </test-method> <!-- navigateToSignInPage -->
        <test-method is-config="true" signature="tearDown()[pri:0, instance:tests.RegistrationTests@6f53b8a]" started-at="2024-12-13T20:55:36 GMT" name="tearDown" finished-at="2024-12-13T20:55:36 GMT" duration-ms="203" status="PASS">
          <reporter-output>
          </reporter-output>
        </test-method> <!-- tearDown -->
      </class> <!-- tests.RegistrationTests -->
    </test> <!-- Test -->
  </suite> <!-- Suite -->
</testng-results>
