<?xml version="1.0" encoding="UTF-8"?>
<testng-results ignored="0" total="1" passed="1" failed="0" skipped="0">
  <reporter-output>
  </reporter-output>
  <suite started-at="2024-12-18T21:36:47 GMT" name="Default suite" finished-at="2024-12-18T21:37:03 GMT" duration-ms="15459">
    <groups>
    </groups>
    <test started-at="2024-12-18T21:36:47 GMT" name="Default test" finished-at="2024-12-18T21:37:03 GMT" duration-ms="15459">
      <class name="tests.RegistrationTests">
        <test-method is-config="true" signature="setUp()[pri:0, instance:tests.RegistrationTests@7068e664]" started-at="2024-12-18T21:36:47 GMT" name="setUp" finished-at="2024-12-18T21:36:51 GMT" duration-ms="3732" status="PASS">
          <reporter-output>
          </reporter-output>
        </test-method> <!-- setUp -->
        <test-method is-config="true" signature="beforeMethod()[pri:0, instance:tests.RegistrationTests@7068e664]" started-at="2024-12-18T21:36:51 GMT" name="beforeMethod" finished-at="2024-12-18T21:36:51 GMT" duration-ms="53" status="PASS">
          <reporter-output>
          </reporter-output>
        </test-method> <!-- beforeMethod -->
        <test-method signature="registerNewUser(java.lang.String,java.lang.String,java.lang.String,java.lang.String,java.lang.String)[pri:0, instance:tests.RegistrationTests@7068e664]" started-at="2024-12-18T21:36:51 GMT" name="registerNewUser" data-provider="dataFromXLS" finished-at="2024-12-18T21:37:02 GMT" duration-ms="11052" status="PASS">
          <params>
            <param index="0">
              <value>
                <![CDATA[mail@mail.com]]>
              </value>
            </param>
            <param index="1">
              <value>
                <![CDATA[Longpass]]>
              </value>
            </param>
            <param index="2">
              <value>
                <![CDATA[Longpass]]>
              </value>
            </param>
            <param index="3">
              <value>
                <![CDATA[Satish]]>
              </value>
            </param>
            <param index="4">
              <value>
                <![CDATA[Pai]]>
              </value>
            </param>
          </params>
          <reporter-output>
          </reporter-output>
        </test-method> <!-- registerNewUser -->
        <test-method is-config="true" signature="tearDown()[pri:0, instance:tests.RegistrationTests@7068e664]" started-at="2024-12-18T21:37:02 GMT" name="tearDown" finished-at="2024-12-18T21:37:03 GMT" duration-ms="303" status="PASS">
          <reporter-output>
          </reporter-output>
        </test-method> <!-- tearDown -->
      </class> <!-- tests.RegistrationTests -->
    </test> <!-- Default test -->
  </suite> <!-- Default suite -->
</testng-results>
